<?xml version="1.0" encoding="UTF-8"?>
<!-- Generated by org.testng.reporters.JUnitReportReporter -->
<testsuite hostname="User-PC" name="testNg.TestNgFrameWorkBasics" tests="2" failures="0" timestamp="15 Jan 2021 16:53:37 GMT" time="0.000" errors="0">
  <testcase name="searchtest" time="0.000" classname="testNg.TestNgFrameWorkBasics"/>
  <testcase name="googletitletest" time="0.000" classname="testNg.TestNgFrameWorkBasics"/>
</testsuite> <!-- testNg.TestNgFrameWorkBasics -->
