<?xml version="1.0" encoding="UTF-8"?>
<!-- Generated by org.testng.reporters.JUnitReportReporter -->
<testsuite hostname="User-PC" failures="0" tests="1" name="com.freecrm.demo.pro1" time="9.445" errors="0" timestamp="2021-01-22T15:56:14 IST" skipped="0">
  <testcase classname="com.freecrm.demo.pro1" name="geturl" time="9.445"/>
  <system-out/>
</testsuite> <!-- com.freecrm.demo.pro1 -->
