<?xml version="1.0" encoding="UTF-8"?>
<!-- Generated by org.testng.reporters.JUnitReportReporter -->
<testsuite hostname="User-PC" failures="0" tests="1" name="com.hrm.TestCases.LoginTestCase2" time="4.790" errors="0" timestamp="2021-02-26T10:46:26 IST" skipped="0">
  <testcase classname="com.hrm.TestCases.LoginTestCase2" name="LoginTest2" time="4.790"/>
  <system-out/>
</testsuite> <!-- com.hrm.TestCases.LoginTestCase2 -->
