<?xml version="1.0" encoding="UTF-8"?>
<!-- Generated by org.testng.reporters.JUnitReportReporter -->
<testsuite hostname="User-PC" failures="0" tests="1" name="com.hrm.TestCases.LoginTest" time="22.570" errors="0" timestamp="2021-02-25T18:26:13 IST" skipped="0">
  <testcase classname="com.hrm.TestCases.LoginTest" name="LoginTest1" time="22.570"/>
  <system-out/>
</testsuite> <!-- com.hrm.TestCases.LoginTest -->
